<?xml version="1.0" encoding="UTF-8"?>
<testsuite name="DollarControllerTest" tests="1" skipped="0" failures="0" errors="0" timestamp="2021-09-09T13:55:05" hostname="DESKTOP-N0CIF2S" time="0.437">
  <properties/>
  <testcase name="mockTest()" classname="DollarControllerTest" time="0.437"/>
  <system-out><![CDATA[60000
]]></system-out>
  <system-err><![CDATA[]]></system-err>
</testsuite>
