<?xml version="1.0" encoding="UTF-8"?>
<testsuite name="DollarControllerTest" tests="1" skipped="0" failures="0" errors="0" timestamp="2021-09-09T13:42:51" hostname="DESKTOP-N0CIF2S" time="0.017">
  <properties/>
  <testcase name="dollar()" classname="DollarControllerTest" time="0.017"/>
  <system-out><![CDATA[22000
]]></system-out>
  <system-err><![CDATA[]]></system-err>
</testsuite>
